<?xml version="1.0" encoding="UTF-8"?>
<!-- Generated by org.testng.reporters.JUnitReportReporter -->
<testsuite hostname="DESKTOP-L0NOLEM" failures="0" tests="1" name="libraryAPI.PostAddBookwithExternalFile" time="4.292" errors="0" timestamp="2023-07-31T04:50:06 IST" skipped="0">
  <testcase classname="libraryAPI.PostAddBookwithExternalFile" name="PostAdd" time="4.292"/>
</testsuite> <!-- libraryAPI.PostAddBookwithExternalFile -->
