<?xml version="1.0" encoding="UTF-8"?>
<!-- Generated by org.testng.reporters.JUnitReportReporter -->
<testsuite hostname="DESKTOP-L0NOLEM" failures="0" tests="1" name="RestAssured.DemoProject.ComplexJasonParsewithTestNG" time="3.073" errors="0" timestamp="2023-07-31T00:09:22 IST" skipped="0">
  <testcase classname="RestAssured.DemoProject.ComplexJasonParsewithTestNG" name="TestCount" time="3.073"/>
</testsuite> <!-- RestAssured.DemoProject.ComplexJasonParsewithTestNG -->
