<?xml version="1.0" encoding="UTF-8"?>
<!-- Generated by org.testng.reporters.JUnitReportReporter -->
<testsuite hostname="DESKTOP-L0NOLEM" failures="0" tests="9" name="libraryAPI.AddBook" time="5.674" errors="0" timestamp="2023-07-31T02:27:24 IST" skipped="0">
  <testcase classname="libraryAPI.AddBook" name="PostAdd" time="0.191"/>
  <testcase classname="libraryAPI.AddBook" name="PostAdd" time="4.153"/>
  <testcase classname="libraryAPI.AddBook" name="PostAdd" time="0.188"/>
  <testcase classname="libraryAPI.AddBook" name="PostAdd" time="0.191"/>
  <testcase classname="libraryAPI.AddBook" name="PostAdd" time="0.167"/>
  <testcase classname="libraryAPI.AddBook" name="PostAdd" time="0.203"/>
  <testcase classname="libraryAPI.AddBook" name="PostAdd" time="0.208"/>
  <testcase classname="libraryAPI.AddBook" name="PostAdd" time="0.183"/>
  <testcase classname="libraryAPI.AddBook" name="PostAdd" time="0.190"/>
</testsuite> <!-- libraryAPI.AddBook -->
