<?xml version="1.0" encoding="UTF-8"?>
<!-- Generated by org.testng.reporters.JUnitReportReporter -->
<testsuite hostname="DESKTOP-L0NOLEM" failures="0" tests="1" name="pojoClass.oauth2" time="17.868" errors="0" timestamp="2023-08-01T17:52:02 IST" skipped="0">
  <testcase classname="pojoClass.oauth2" name="Deserialization" time="17.868"/>
</testsuite> <!-- pojoClass.oauth2 -->
