<?xml version="1.0" encoding="UTF-8"?>
<!-- Generated by org.testng.reporters.JUnitReportReporter -->
<testsuite hostname="DESKTOP-L0NOLEM" failures="0" tests="1" name="pojoClass.deserialization" time="17.132" errors="0" timestamp="2023-08-01T18:33:43 IST" skipped="0">
  <testcase classname="pojoClass.deserialization" name="GetData" time="17.132"/>
</testsuite> <!-- pojoClass.deserialization -->
