<?xml version="1.0" encoding="UTF-8"?>
<!-- Generated by org.testng.reporters.JUnitReportReporter -->
<testsuite hostname="DESKTOP-L0NOLEM" failures="0" tests="9" name="libraryAPI.PostAddBook" time="9.823" errors="0" timestamp="2023-08-01T18:42:27 IST" skipped="0">
  <testcase classname="libraryAPI.PostAddBook" name="PostAdd" time="0.400"/>
  <testcase classname="libraryAPI.PostAddBook" name="PostAdd" time="0.441"/>
  <testcase classname="libraryAPI.PostAddBook" name="PostAdd" time="0.372"/>
  <testcase classname="libraryAPI.PostAddBook" name="PostAdd" time="0.499"/>
  <testcase classname="libraryAPI.PostAddBook" name="PostAdd" time="0.418"/>
  <testcase classname="libraryAPI.PostAddBook" name="PostAdd" time="0.465"/>
  <testcase classname="libraryAPI.PostAddBook" name="PostAdd" time="0.415"/>
  <testcase classname="libraryAPI.PostAddBook" name="PostAdd" time="4.959"/>
  <testcase classname="libraryAPI.PostAddBook" name="PostAdd" time="1.854"/>
</testsuite> <!-- libraryAPI.PostAddBook -->
